-------------------------------
library file: ./hipoo/bin_qnx650/libiFlyNLI.so
data from '.symtab' table

Global Variable Information:
ID	Size	VarName

total: 0
-------------------------------


-------------------------------
library file: ./hipoo/bin_qnx650/libiFlyNLI.so
data from '.symtab' table

Global Variable Information:
ID	Size	VarName

total: 0
-------------------------------


-------------------------------
library file: ./hipoo/bin_qnx650/libiFlyNLI.so
data from '.symtab' table

Global Variable Information:
ID	Size	VarName

total: 0
-------------------------------


-------------------------------
library file: ./hipoo/bin_qnx650/libiFlyNLI.so
data from '.symtab' table

Global Variable Information:
ID	Size	VarName

total: 0
-------------------------------


-------------------------------
library file: ./hipoo/bin_qnx650/libiFlyNLI.so
data from '.symtab' table

Global Variable Information:
ID	Size	VarName

total: 0
-------------------------------


-------------------------------
library file: ./hipoo/bin_qnx650/libiFlyNLI.so
data from '.symtab' table

Global Variable Information:
ID	Size	VarName

total: 0
-------------------------------


-------------------------------
library file: ./hipoo/bin_qnx650/libiFlyNLI.so
data from '.symtab' table

Global Variable Information:
ID	Size	VarName

total: 0
-------------------------------


-------------------------------
library file: ./hipoo/bin_qnx650/libiFlyNLI.so
data from '.symtab' table

Global Variable Information:
ID	Size	VarName

total: 0
-------------------------------


-------------------------------
library file: libtest.a
data from '.symtab' table

Global Variable Information:
ID	Size	VarName
1	4	g_a
2	4	g_b

total: 2
-------------------------------


